{"C:\\Users\\kush_\\D_Drive_Offload\\reyou-radiation\\packages\\logger\\src\\index.ts": {"path":"C:\\Users\\kush_\\D_Drive_Offload\\reyou-radiation\\packages\\logger\\src\\index.ts","all":false,"statementMap":{"3":{"start":{"line":4,"column":0},"end":{"line":4,"column":50}},"4":{"start":{"line":5,"column":0},"end":{"line":5,"column":11}},"5":{"start":{"line":6,"column":0},"end":{"line":6,"column":10}},"6":{"start":{"line":7,"column":0},"end":{"line":7,"column":10}},"7":{"start":{"line":8,"column":0},"end":{"line":8,"column":11}},"8":{"start":{"line":9,"column":0},"end":{"line":9,"column":11}},"9":{"start":{"line":10,"column":0},"end":{"line":10,"column":2}},"23":{"start":{"line":24,"column":0},"end":{"line":24,"column":58}},"24":{"start":{"line":25,"column":0},"end":{"line":25,"column":17}},"25":{"start":{"line":26,"column":0},"end":{"line":26,"column":15}},"26":{"start":{"line":27,"column":0},"end":{"line":27,"column":20}},"27":{"start":{"line":28,"column":0},"end":{"line":28,"column":2}},"29":{"start":{"line":30,"column":0},"end":{"line":30,"column":48}},"30":{"start":{"line":31,"column":0},"end":{"line":31,"column":20}},"31":{"start":{"line":32,"column":0},"end":{"line":32,"column":19}},"32":{"start":{"line":33,"column":0},"end":{"line":33,"column":19}},"33":{"start":{"line":34,"column":0},"end":{"line":34,"column":20}},"34":{"start":{"line":35,"column":0},"end":{"line":35,"column":20}},"35":{"start":{"line":36,"column":0},"end":{"line":36,"column":2}},"37":{"start":{"line":38,"column":0},"end":{"line":38,"column":24}},"39":{"start":{"line":40,"column":0},"end":{"line":40,"column":55}},"40":{"start":{"line":41,"column":0},"end":{"line":41,"column":43}},"42":{"start":{"line":43,"column":0},"end":{"line":43,"column":59}},"43":{"start":{"line":44,"column":0},"end":{"line":44,"column":62}},"44":{"start":{"line":45,"column":0},"end":{"line":45,"column":3}},"46":{"start":{"line":47,"column":0},"end":{"line":47,"column":32}},"47":{"start":{"line":48,"column":0},"end":{"line":48,"column":84}},"49":{"start":{"line":50,"column":0},"end":{"line":50,"column":43}},"50":{"start":{"line":51,"column":0},"end":{"line":51,"column":30}},"51":{"start":{"line":52,"column":0},"end":{"line":52,"column":12}},"52":{"start":{"line":53,"column":0},"end":{"line":53,"column":28}},"53":{"start":{"line":54,"column":0},"end":{"line":54,"column":5}},"54":{"start":{"line":55,"column":0},"end":{"line":55,"column":3}},"56":{"start":{"line":57,"column":0},"end":{"line":57,"column":44}},"57":{"start":{"line":58,"column":0},"end":{"line":58,"column":39}},"58":{"start":{"line":59,"column":0},"end":{"line":59,"column":61}},"59":{"start":{"line":60,"column":0},"end":{"line":60,"column":26}},"60":{"start":{"line":61,"column":0},"end":{"line":61,"column":40}},"61":{"start":{"line":62,"column":0},"end":{"line":62,"column":25}},"62":{"start":{"line":63,"column":0},"end":{"line":63,"column":12}},"63":{"start":{"line":64,"column":0},"end":{"line":64,"column":24}},"64":{"start":{"line":65,"column":0},"end":{"line":65,"column":5}},"65":{"start":{"line":66,"column":0},"end":{"line":66,"column":3}},"67":{"start":{"line":68,"column":0},"end":{"line":68,"column":46}},"68":{"start":{"line":69,"column":0},"end":{"line":69,"column":77}},"69":{"start":{"line":70,"column":0},"end":{"line":70,"column":51}},"70":{"start":{"line":71,"column":0},"end":{"line":71,"column":54}},"71":{"start":{"line":72,"column":0},"end":{"line":72,"column":99}},"72":{"start":{"line":73,"column":0},"end":{"line":73,"column":118}},"73":{"start":{"line":74,"column":0},"end":{"line":74,"column":73}},"75":{"start":{"line":76,"column":0},"end":{"line":76,"column":89}},"76":{"start":{"line":77,"column":0},"end":{"line":77,"column":61}},"77":{"start":{"line":78,"column":0},"end":{"line":78,"column":26}},"78":{"start":{"line":79,"column":0},"end":{"line":79,"column":65}},"79":{"start":{"line":80,"column":0},"end":{"line":80,"column":40}},"80":{"start":{"line":81,"column":0},"end":{"line":81,"column":25}},"81":{"start":{"line":82,"column":0},"end":{"line":82,"column":12}},"82":{"start":{"line":83,"column":0},"end":{"line":83,"column":24}},"83":{"start":{"line":84,"column":0},"end":{"line":84,"column":5}},"84":{"start":{"line":85,"column":0},"end":{"line":85,"column":3}},"86":{"start":{"line":87,"column":0},"end":{"line":87,"column":38}},"87":{"start":{"line":88,"column":0},"end":{"line":88,"column":34}},"88":{"start":{"line":89,"column":0},"end":{"line":89,"column":3}},"90":{"start":{"line":91,"column":0},"end":{"line":91,"column":46}},"91":{"start":{"line":92,"column":0},"end":{"line":92,"column":33}},"92":{"start":{"line":93,"column":0},"end":{"line":93,"column":3}},"93":{"start":{"line":94,"column":0},"end":{"line":94,"column":1}},"103":{"start":{"line":104,"column":0},"end":{"line":104,"column":52}},"104":{"start":{"line":105,"column":0},"end":{"line":105,"column":40}},"105":{"start":{"line":106,"column":0},"end":{"line":106,"column":36}},"107":{"start":{"line":108,"column":0},"end":{"line":108,"column":46}},"108":{"start":{"line":109,"column":0},"end":{"line":109,"column":27}},"109":{"start":{"line":110,"column":0},"end":{"line":110,"column":3}},"111":{"start":{"line":112,"column":0},"end":{"line":112,"column":32}},"112":{"start":{"line":113,"column":0},"end":{"line":113,"column":84}},"113":{"start":{"line":114,"column":0},"end":{"line":114,"column":48}},"114":{"start":{"line":115,"column":0},"end":{"line":115,"column":39}},"115":{"start":{"line":116,"column":0},"end":{"line":116,"column":24}},"116":{"start":{"line":117,"column":0},"end":{"line":117,"column":5}},"117":{"start":{"line":118,"column":0},"end":{"line":118,"column":3}},"119":{"start":{"line":120,"column":0},"end":{"line":120,"column":32}},"120":{"start":{"line":121,"column":0},"end":{"line":121,"column":45}},"121":{"start":{"line":122,"column":0},"end":{"line":122,"column":55}},"122":{"start":{"line":123,"column":0},"end":{"line":123,"column":44}},"123":{"start":{"line":124,"column":0},"end":{"line":124,"column":9}},"124":{"start":{"line":125,"column":0},"end":{"line":125,"column":80}},"125":{"start":{"line":126,"column":0},"end":{"line":126,"column":13}},"127":{"start":{"line":128,"column":0},"end":{"line":128,"column":5}},"128":{"start":{"line":129,"column":0},"end":{"line":129,"column":3}},"129":{"start":{"line":130,"column":0},"end":{"line":130,"column":1}},"139":{"start":{"line":140,"column":0},"end":{"line":140,"column":46}},"140":{"start":{"line":141,"column":0},"end":{"line":141,"column":37}},"141":{"start":{"line":142,"column":0},"end":{"line":142,"column":51}},"142":{"start":{"line":143,"column":0},"end":{"line":143,"column":33}},"143":{"start":{"line":144,"column":0},"end":{"line":144,"column":29}},"145":{"start":{"line":146,"column":0},"end":{"line":146,"column":39}},"146":{"start":{"line":147,"column":0},"end":{"line":147,"column":46}},"147":{"start":{"line":148,"column":0},"end":{"line":148,"column":57}},"148":{"start":{"line":149,"column":0},"end":{"line":149,"column":47}},"149":{"start":{"line":150,"column":0},"end":{"line":150,"column":39}},"150":{"start":{"line":151,"column":0},"end":{"line":151,"column":3}},"152":{"start":{"line":153,"column":0},"end":{"line":153,"column":64}},"153":{"start":{"line":154,"column":0},"end":{"line":154,"column":38}},"154":{"start":{"line":155,"column":0},"end":{"line":155,"column":3}},"156":{"start":{"line":157,"column":0},"end":{"line":157,"column":63}},"157":{"start":{"line":158,"column":0},"end":{"line":158,"column":37}},"158":{"start":{"line":159,"column":0},"end":{"line":159,"column":3}},"160":{"start":{"line":161,"column":0},"end":{"line":161,"column":63}},"161":{"start":{"line":162,"column":0},"end":{"line":162,"column":37}},"162":{"start":{"line":163,"column":0},"end":{"line":163,"column":3}},"164":{"start":{"line":165,"column":0},"end":{"line":165,"column":64}},"165":{"start":{"line":166,"column":0},"end":{"line":166,"column":38}},"166":{"start":{"line":167,"column":0},"end":{"line":167,"column":3}},"168":{"start":{"line":169,"column":0},"end":{"line":169,"column":64}},"169":{"start":{"line":170,"column":0},"end":{"line":170,"column":38}},"170":{"start":{"line":171,"column":0},"end":{"line":171,"column":3}},"172":{"start":{"line":173,"column":0},"end":{"line":173,"column":51}},"173":{"start":{"line":174,"column":0},"end":{"line":174,"column":30}},"174":{"start":{"line":175,"column":0},"end":{"line":175,"column":34}},"175":{"start":{"line":176,"column":0},"end":{"line":176,"column":63}},"176":{"start":{"line":177,"column":0},"end":{"line":177,"column":40}},"177":{"start":{"line":178,"column":0},"end":{"line":178,"column":32}},"178":{"start":{"line":179,"column":0},"end":{"line":179,"column":7}},"179":{"start":{"line":180,"column":0},"end":{"line":180,"column":3}},"181":{"start":{"line":182,"column":0},"end":{"line":182,"column":47}},"182":{"start":{"line":183,"column":0},"end":{"line":183,"column":36}},"183":{"start":{"line":184,"column":0},"end":{"line":184,"column":3}},"185":{"start":{"line":186,"column":0},"end":{"line":186,"column":38}},"186":{"start":{"line":187,"column":0},"end":{"line":187,"column":28}},"187":{"start":{"line":188,"column":0},"end":{"line":188,"column":3}},"189":{"start":{"line":190,"column":0},"end":{"line":190,"column":88}},"190":{"start":{"line":191,"column":0},"end":{"line":191,"column":29}},"191":{"start":{"line":192,"column":0},"end":{"line":192,"column":42}},"192":{"start":{"line":193,"column":0},"end":{"line":193,"column":12}},"193":{"start":{"line":194,"column":0},"end":{"line":194,"column":14}},"194":{"start":{"line":195,"column":0},"end":{"line":195,"column":40}},"195":{"start":{"line":196,"column":0},"end":{"line":196,"column":32}},"196":{"start":{"line":197,"column":0},"end":{"line":197,"column":53}},"197":{"start":{"line":198,"column":0},"end":{"line":198,"column":6}},"199":{"start":{"line":200,"column":0},"end":{"line":200,"column":46}},"200":{"start":{"line":201,"column":0},"end":{"line":201,"column":29}},"201":{"start":{"line":202,"column":0},"end":{"line":202,"column":5}},"202":{"start":{"line":203,"column":0},"end":{"line":203,"column":3}},"203":{"start":{"line":204,"column":0},"end":{"line":204,"column":1}},"206":{"start":{"line":207,"column":0},"end":{"line":207,"column":47}},"210":{"start":{"line":211,"column":0},"end":{"line":211,"column":19}},"211":{"start":{"line":212,"column":0},"end":{"line":212,"column":42}},"212":{"start":{"line":213,"column":0},"end":{"line":213,"column":43}},"213":{"start":{"line":214,"column":0},"end":{"line":214,"column":40}},"214":{"start":{"line":215,"column":0},"end":{"line":215,"column":17}},"215":{"start":{"line":216,"column":0},"end":{"line":216,"column":5}},"216":{"start":{"line":217,"column":0},"end":{"line":217,"column":28}},"217":{"start":{"line":218,"column":0},"end":{"line":218,"column":28}},"218":{"start":{"line":219,"column":0},"end":{"line":219,"column":39}},"219":{"start":{"line":220,"column":0},"end":{"line":220,"column":5}},"220":{"start":{"line":221,"column":0},"end":{"line":221,"column":1}}},"s":{"3":1,"4":1,"5":1,"6":1,"7":1,"8":1,"9":1,"23":1,"24":1,"25":1,"26":1,"27":1,"29":1,"30":1,"31":1,"32":1,"33":1,"34":1,"35":1,"37":1,"39":1,"40":1,"42":1,"43":4,"44":4,"46":1,"47":9,"49":9,"50":5,"51":9,"52":2,"53":2,"54":9,"56":1,"57":2,"58":2,"59":1,"60":1,"61":1,"62":1,"63":0,"64":0,"65":2,"67":1,"68":5,"69":5,"70":5,"71":5,"72":5,"73":5,"75":5,"76":5,"77":1,"78":1,"79":5,"80":1,"81":4,"82":3,"83":3,"84":5,"86":1,"87":0,"88":0,"90":1,"91":0,"92":0,"93":1,"103":1,"104":1,"105":0,"107":1,"108":0,"109":0,"111":1,"112":0,"113":0,"114":0,"115":0,"116":0,"117":0,"119":1,"120":0,"121":0,"122":0,"123":0,"124":0,"125":0,"127":0,"128":0,"129":1,"139":1,"140":1,"141":5,"142":5,"143":5,"145":1,"146":5,"147":5,"148":5,"149":5,"150":5,"152":1,"153":2,"154":2,"156":1,"157":3,"158":3,"160":1,"161":2,"162":2,"164":1,"165":2,"166":2,"168":1,"169":0,"170":0,"172":1,"173":1,"174":1,"175":1,"176":1,"177":1,"178":1,"179":1,"181":1,"182":0,"183":0,"185":1,"186":0,"187":0,"189":1,"190":9,"191":9,"192":9,"193":9,"194":9,"195":9,"196":9,"197":9,"199":9,"200":9,"201":9,"202":9,"203":1,"206":1,"210":3,"211":3,"212":3,"213":3,"214":3,"215":3,"216":3,"217":3,"218":3,"219":3,"220":3},"branchMap":{"0":{"type":"branch","line":41,"loc":{"start":{"line":41,"column":10},"end":{"line":41,"column":43}},"locations":[{"start":{"line":41,"column":10},"end":{"line":41,"column":43}}]},"1":{"type":"branch","line":43,"loc":{"start":{"line":43,"column":2},"end":{"line":45,"column":3}},"locations":[{"start":{"line":43,"column":2},"end":{"line":45,"column":3}}]},"2":{"type":"branch","line":47,"loc":{"start":{"line":47,"column":2},"end":{"line":55,"column":3}},"locations":[{"start":{"line":47,"column":2},"end":{"line":55,"column":3}}]},"3":{"type":"branch","line":48,"loc":{"start":{"line":48,"column":77},"end":{"line":48,"column":84}},"locations":[{"start":{"line":48,"column":77},"end":{"line":48,"column":84}}]},"4":{"type":"branch","line":48,"loc":{"start":{"line":48,"column":77},"end":{"line":50,"column":42}},"locations":[{"start":{"line":48,"column":77},"end":{"line":50,"column":42}}]},"5":{"type":"branch","line":50,"loc":{"start":{"line":50,"column":42},"end":{"line":52,"column":11}},"locations":[{"start":{"line":50,"column":42},"end":{"line":52,"column":11}}]},"6":{"type":"branch","line":52,"loc":{"start":{"line":52,"column":4},"end":{"line":54,"column":5}},"locations":[{"start":{"line":52,"column":4},"end":{"line":54,"column":5}}]},"7":{"type":"branch","line":57,"loc":{"start":{"line":57,"column":10},"end":{"line":66,"column":3}},"locations":[{"start":{"line":57,"column":10},"end":{"line":66,"column":3}}]},"8":{"type":"branch","line":59,"loc":{"start":{"line":59,"column":24},"end":{"line":59,"column":60}},"locations":[{"start":{"line":59,"column":24},"end":{"line":59,"column":60}}]},"9":{"type":"branch","line":59,"loc":{"start":{"line":59,"column":60},"end":{"line":65,"column":5}},"locations":[{"start":{"line":59,"column":60},"end":{"line":65,"column":5}}]},"10":{"type":"branch","line":63,"loc":{"start":{"line":63,"column":4},"end":{"line":65,"column":5}},"locations":[{"start":{"line":63,"column":4},"end":{"line":65,"column":5}}]},"11":{"type":"branch","line":68,"loc":{"start":{"line":68,"column":10},"end":{"line":85,"column":3}},"locations":[{"start":{"line":68,"column":10},"end":{"line":85,"column":3}}]},"12":{"type":"branch","line":69,"loc":{"start":{"line":69,"column":64},"end":{"line":69,"column":74}},"locations":[{"start":{"line":69,"column":64},"end":{"line":69,"column":74}}]},"13":{"type":"branch","line":69,"loc":{"start":{"line":69,"column":69},"end":{"line":69,"column":77}},"locations":[{"start":{"line":69,"column":69},"end":{"line":69,"column":77}}]},"14":{"type":"branch","line":70,"loc":{"start":{"line":70,"column":40},"end":{"line":70,"column":51}},"locations":[{"start":{"line":70,"column":40},"end":{"line":70,"column":51}}]},"15":{"type":"branch","line":72,"loc":{"start":{"line":72,"column":92},"end":{"line":72,"column":99}},"locations":[{"start":{"line":72,"column":92},"end":{"line":72,"column":99}}]},"16":{"type":"branch","line":73,"loc":{"start":{"line":73,"column":72},"end":{"line":73,"column":115}},"locations":[{"start":{"line":73,"column":72},"end":{"line":73,"column":115}}]},"17":{"type":"branch","line":73,"loc":{"start":{"line":73,"column":110},"end":{"line":73,"column":118}},"locations":[{"start":{"line":73,"column":110},"end":{"line":73,"column":118}}]},"18":{"type":"branch","line":74,"loc":{"start":{"line":74,"column":24},"end":{"line":74,"column":70}},"locations":[{"start":{"line":74,"column":24},"end":{"line":74,"column":70}}]},"19":{"type":"branch","line":77,"loc":{"start":{"line":77,"column":24},"end":{"line":77,"column":60}},"locations":[{"start":{"line":77,"column":24},"end":{"line":77,"column":60}}]},"20":{"type":"branch","line":77,"loc":{"start":{"line":77,"column":60},"end":{"line":80,"column":15}},"locations":[{"start":{"line":77,"column":60},"end":{"line":80,"column":15}}]},"21":{"type":"branch","line":79,"loc":{"start":{"line":79,"column":23},"end":{"line":79,"column":65}},"locations":[{"start":{"line":79,"column":23},"end":{"line":79,"column":65}}]},"22":{"type":"branch","line":80,"loc":{"start":{"line":80,"column":4},"end":{"line":84,"column":5}},"locations":[{"start":{"line":80,"column":4},"end":{"line":84,"column":5}}]},"23":{"type":"branch","line":80,"loc":{"start":{"line":80,"column":39},"end":{"line":82,"column":11}},"locations":[{"start":{"line":80,"column":39},"end":{"line":82,"column":11}}]},"24":{"type":"branch","line":82,"loc":{"start":{"line":82,"column":4},"end":{"line":84,"column":5}},"locations":[{"start":{"line":82,"column":4},"end":{"line":84,"column":5}}]},"25":{"type":"branch","line":105,"loc":{"start":{"line":105,"column":10},"end":{"line":106,"column":36}},"locations":[{"start":{"line":105,"column":10},"end":{"line":106,"column":36}}]},"26":{"type":"branch","line":141,"loc":{"start":{"line":141,"column":10},"end":{"line":144,"column":29}},"locations":[{"start":{"line":141,"column":10},"end":{"line":144,"column":29}}]},"27":{"type":"branch","line":146,"loc":{"start":{"line":146,"column":2},"end":{"line":151,"column":3}},"locations":[{"start":{"line":146,"column":2},"end":{"line":151,"column":3}}]},"28":{"type":"branch","line":148,"loc":{"start":{"line":148,"column":35},"end":{"line":148,"column":57}},"locations":[{"start":{"line":148,"column":35},"end":{"line":148,"column":57}}]},"29":{"type":"branch","line":153,"loc":{"start":{"line":153,"column":2},"end":{"line":155,"column":3}},"locations":[{"start":{"line":153,"column":2},"end":{"line":155,"column":3}}]},"30":{"type":"branch","line":157,"loc":{"start":{"line":157,"column":2},"end":{"line":159,"column":3}},"locations":[{"start":{"line":157,"column":2},"end":{"line":159,"column":3}}]},"31":{"type":"branch","line":161,"loc":{"start":{"line":161,"column":2},"end":{"line":163,"column":3}},"locations":[{"start":{"line":161,"column":2},"end":{"line":163,"column":3}}]},"32":{"type":"branch","line":165,"loc":{"start":{"line":165,"column":2},"end":{"line":167,"column":3}},"locations":[{"start":{"line":165,"column":2},"end":{"line":167,"column":3}}]},"33":{"type":"branch","line":173,"loc":{"start":{"line":173,"column":2},"end":{"line":180,"column":3}},"locations":[{"start":{"line":173,"column":2},"end":{"line":180,"column":3}}]},"34":{"type":"branch","line":190,"loc":{"start":{"line":190,"column":10},"end":{"line":203,"column":3}},"locations":[{"start":{"line":190,"column":10},"end":{"line":203,"column":3}}]},"35":{"type":"branch","line":207,"loc":{"start":{"line":207,"column":7},"end":{"line":221,"column":1}},"locations":[{"start":{"line":207,"column":7},"end":{"line":221,"column":1}}]},"36":{"type":"branch","line":213,"loc":{"start":{"line":213,"column":14},"end":{"line":213,"column":35}},"locations":[{"start":{"line":213,"column":14},"end":{"line":213,"column":35}}]},"37":{"type":"branch","line":213,"loc":{"start":{"line":213,"column":23},"end":{"line":213,"column":43}},"locations":[{"start":{"line":213,"column":23},"end":{"line":213,"column":43}}]},"38":{"type":"branch","line":214,"loc":{"start":{"line":214,"column":12},"end":{"line":214,"column":31}},"locations":[{"start":{"line":214,"column":12},"end":{"line":214,"column":31}}]},"39":{"type":"branch","line":219,"loc":{"start":{"line":219,"column":21},"end":{"line":219,"column":39}},"locations":[{"start":{"line":219,"column":21},"end":{"line":219,"column":39}}]}},"b":{"0":[4],"1":[4],"2":[9],"3":[2],"4":[7],"5":[5],"6":[2],"7":[2],"8":[1],"9":[1],"10":[0],"11":[5],"12":[0],"13":[0],"14":[0],"15":[0],"16":[1],"17":[4],"18":[0],"19":[4],"20":[1],"21":[0],"22":[4],"23":[1],"24":[3],"25":[0],"26":[5],"27":[5],"28":[4],"29":[2],"30":[3],"31":[2],"32":[2],"33":[1],"34":[9],"35":[3],"36":[2],"37":[1],"38":[2],"39":[2]},"fnMap":{"0":{"name":"<instance_members_initializer>","decl":{"start":{"line":41,"column":10},"end":{"line":41,"column":43}},"loc":{"start":{"line":41,"column":10},"end":{"line":41,"column":43}},"line":41},"1":{"name":"ConsoleTransport","decl":{"start":{"line":43,"column":2},"end":{"line":45,"column":3}},"loc":{"start":{"line":43,"column":2},"end":{"line":45,"column":3}},"line":43},"2":{"name":"write","decl":{"start":{"line":47,"column":2},"end":{"line":55,"column":3}},"loc":{"start":{"line":47,"column":2},"end":{"line":55,"column":3}},"line":47},"3":{"name":"writeJson","decl":{"start":{"line":57,"column":10},"end":{"line":66,"column":3}},"loc":{"start":{"line":57,"column":10},"end":{"line":66,"column":3}},"line":57},"4":{"name":"writePretty","decl":{"start":{"line":68,"column":10},"end":{"line":85,"column":3}},"loc":{"start":{"line":68,"column":10},"end":{"line":85,"column":3}},"line":68},"5":{"name":"setMinLevel","decl":{"start":{"line":87,"column":2},"end":{"line":89,"column":3}},"loc":{"start":{"line":87,"column":2},"end":{"line":89,"column":3}},"line":87},"6":{"name":"setFormat","decl":{"start":{"line":91,"column":2},"end":{"line":93,"column":3}},"loc":{"start":{"line":91,"column":2},"end":{"line":93,"column":3}},"line":91},"7":{"name":"<instance_members_initializer>","decl":{"start":{"line":105,"column":10},"end":{"line":106,"column":36}},"loc":{"start":{"line":105,"column":10},"end":{"line":106,"column":36}},"line":105},"8":{"name":"FileTransport","decl":{"start":{"line":108,"column":2},"end":{"line":110,"column":3}},"loc":{"start":{"line":108,"column":2},"end":{"line":110,"column":3}},"line":108},"9":{"name":"write","decl":{"start":{"line":112,"column":2},"end":{"line":118,"column":3}},"loc":{"start":{"line":112,"column":2},"end":{"line":118,"column":3}},"line":112},"10":{"name":"flush","decl":{"start":{"line":120,"column":2},"end":{"line":129,"column":3}},"loc":{"start":{"line":120,"column":2},"end":{"line":129,"column":3}},"line":120},"11":{"name":"<instance_members_initializer>","decl":{"start":{"line":141,"column":10},"end":{"line":144,"column":29}},"loc":{"start":{"line":141,"column":10},"end":{"line":144,"column":29}},"line":141},"12":{"name":"RuntimeLogger","decl":{"start":{"line":146,"column":2},"end":{"line":151,"column":3}},"loc":{"start":{"line":146,"column":2},"end":{"line":151,"column":3}},"line":146},"13":{"name":"debug","decl":{"start":{"line":153,"column":2},"end":{"line":155,"column":3}},"loc":{"start":{"line":153,"column":2},"end":{"line":155,"column":3}},"line":153},"14":{"name":"info","decl":{"start":{"line":157,"column":2},"end":{"line":159,"column":3}},"loc":{"start":{"line":157,"column":2},"end":{"line":159,"column":3}},"line":157},"15":{"name":"warn","decl":{"start":{"line":161,"column":2},"end":{"line":163,"column":3}},"loc":{"start":{"line":161,"column":2},"end":{"line":163,"column":3}},"line":161},"16":{"name":"error","decl":{"start":{"line":165,"column":2},"end":{"line":167,"column":3}},"loc":{"start":{"line":165,"column":2},"end":{"line":167,"column":3}},"line":165},"17":{"name":"fatal","decl":{"start":{"line":169,"column":2},"end":{"line":171,"column":3}},"loc":{"start":{"line":169,"column":2},"end":{"line":171,"column":3}},"line":169},"18":{"name":"child","decl":{"start":{"line":173,"column":2},"end":{"line":180,"column":3}},"loc":{"start":{"line":173,"column":2},"end":{"line":180,"column":3}},"line":173},"19":{"name":"addTransport","decl":{"start":{"line":182,"column":2},"end":{"line":184,"column":3}},"loc":{"start":{"line":182,"column":2},"end":{"line":184,"column":3}},"line":182},"20":{"name":"setCorrelationId","decl":{"start":{"line":186,"column":2},"end":{"line":188,"column":3}},"loc":{"start":{"line":186,"column":2},"end":{"line":188,"column":3}},"line":186},"21":{"name":"emit","decl":{"start":{"line":190,"column":10},"end":{"line":203,"column":3}},"loc":{"start":{"line":190,"column":10},"end":{"line":203,"column":3}},"line":190},"22":{"name":"createDefaultLogger","decl":{"start":{"line":207,"column":7},"end":{"line":221,"column":1}},"loc":{"start":{"line":207,"column":7},"end":{"line":221,"column":1}},"line":207}},"f":{"0":4,"1":4,"2":9,"3":2,"4":5,"5":0,"6":0,"7":0,"8":0,"9":0,"10":0,"11":5,"12":5,"13":2,"14":3,"15":2,"16":2,"17":0,"18":1,"19":0,"20":0,"21":9,"22":3}}
}
