<?xml version="1.0" encoding="UTF-8"?>
<coverage generated="1782629573949" clover="3.2.0">
  <project timestamp="1782629573949" name="All files">
    <metrics statements="167" coveredstatements="124" conditionals="42" coveredconditionals="33" methods="17" coveredmethods="15" elements="226" coveredelements="172" complexity="0" loc="167" ncloc="167" packages="1" files="1" classes="1"/>
    <file name="index.ts" path="C:\Users\kush_\D_Drive_Offload\reyou-radiation\packages\event-bus\src\index.ts">
      <metrics statements="167" coveredstatements="124" conditionals="42" coveredconditionals="33" methods="17" coveredmethods="15"/>
      <line num="2" count="1" type="stmt"/>
      <line num="5" count="20" type="cond" truecount="1" falsecount="0"/>
      <line num="6" count="20" type="stmt"/>
      <line num="7" count="20" type="stmt"/>
      <line num="22" count="1" type="stmt"/>
      <line num="23" count="1" type="stmt"/>
      <line num="24" count="1" type="stmt"/>
      <line num="25" count="1" type="stmt"/>
      <line num="27" count="1" type="stmt"/>
      <line num="28" count="1" type="cond" truecount="1" falsecount="0"/>
      <line num="29" count="6" type="stmt"/>
      <line num="30" count="6" type="stmt"/>
      <line num="31" count="6" type="stmt"/>
      <line num="33" count="1" type="cond" truecount="1" falsecount="0"/>
      <line num="34" count="6" type="stmt"/>
      <line num="35" count="6" type="cond" truecount="0" falsecount="1"/>
      <line num="36" count="6" type="stmt"/>
      <line num="39" count="1" type="cond" truecount="1" falsecount="0"/>
      <line num="40" count="6" type="stmt"/>
      <line num="41" count="6" type="stmt"/>
      <line num="42" count="6" type="stmt"/>
      <line num="43" count="6" type="stmt"/>
      <line num="44" count="6" type="cond" truecount="1" falsecount="0"/>
      <line num="45" count="6" type="cond" truecount="0" falsecount="2"/>
      <line num="46" count="0" type="stmt"/>
      <line num="47" count="0" type="stmt"/>
      <line num="49" count="6" type="stmt"/>
      <line num="50" count="6" type="stmt"/>
      <line num="51" count="6" type="stmt"/>
      <line num="52" count="6" type="stmt"/>
      <line num="53" count="6" type="stmt"/>
      <line num="54" count="6" type="stmt"/>
      <line num="56" count="6" type="stmt"/>
      <line num="57" count="6" type="stmt"/>
      <line num="59" count="6" type="stmt"/>
      <line num="60" count="6" type="cond" truecount="1" falsecount="0"/>
      <line num="61" count="6" type="stmt"/>
      <line num="62" count="6" type="stmt"/>
      <line num="64" count="1" type="stmt"/>
      <line num="65" count="0" type="stmt"/>
      <line num="66" count="0" type="stmt"/>
      <line num="67" count="0" type="stmt"/>
      <line num="68" count="0" type="stmt"/>
      <line num="69" count="0" type="stmt"/>
      <line num="70" count="0" type="stmt"/>
      <line num="71" count="0" type="stmt"/>
      <line num="72" count="0" type="stmt"/>
      <line num="73" count="0" type="stmt"/>
      <line num="74" count="0" type="stmt"/>
      <line num="76" count="0" type="stmt"/>
      <line num="77" count="0" type="stmt"/>
      <line num="79" count="1" type="cond" truecount="1" falsecount="0"/>
      <line num="80" count="1" type="stmt"/>
      <line num="81" count="1" type="cond" truecount="1" falsecount="0"/>
      <line num="82" count="1" type="stmt"/>
      <line num="83" count="1" type="stmt"/>
      <line num="84" count="1" type="cond" truecount="0" falsecount="1"/>
      <line num="85" count="0" type="stmt"/>
      <line num="86" count="0" type="stmt"/>
      <line num="87" count="1" type="stmt"/>
      <line num="88" count="1" type="stmt"/>
      <line num="91" count="1" type="cond" truecount="1" falsecount="0"/>
      <line num="92" count="7" type="stmt"/>
      <line num="93" count="7" type="stmt"/>
      <line num="94" count="7" type="stmt"/>
      <line num="95" count="7" type="stmt"/>
      <line num="96" count="7" type="stmt"/>
      <line num="97" count="7" type="stmt"/>
      <line num="98" count="7" type="stmt"/>
      <line num="99" count="7" type="stmt"/>
      <line num="100" count="7" type="stmt"/>
      <line num="101" count="7" type="cond" truecount="0" falsecount="1"/>
      <line num="102" count="7" type="cond" truecount="0" falsecount="1"/>
      <line num="103" count="7" type="stmt"/>
      <line num="105" count="7" type="stmt"/>
      <line num="107" count="7" type="cond" truecount="1" falsecount="0"/>
      <line num="108" count="7" type="cond" truecount="2" falsecount="0"/>
      <line num="111" count="4" type="stmt"/>
      <line num="112" count="4" type="cond" truecount="2" falsecount="0"/>
      <line num="113" count="4" type="cond" truecount="1" falsecount="0"/>
      <line num="115" count="7" type="cond" truecount="1" falsecount="0"/>
      <line num="116" count="1" type="stmt"/>
      <line num="117" count="7" type="cond" truecount="1" falsecount="0"/>
      <line num="118" count="3" type="stmt"/>
      <line num="119" count="3" type="cond" truecount="1" falsecount="0"/>
      <line num="121" count="4" type="stmt"/>
      <line num="122" count="7" type="stmt"/>
      <line num="124" count="1" type="stmt"/>
      <line num="125" count="0" type="stmt"/>
      <line num="126" count="0" type="stmt"/>
      <line num="127" count="0" type="stmt"/>
      <line num="128" count="0" type="stmt"/>
      <line num="129" count="0" type="stmt"/>
      <line num="130" count="0" type="stmt"/>
      <line num="131" count="0" type="stmt"/>
      <line num="132" count="0" type="stmt"/>
      <line num="133" count="0" type="stmt"/>
      <line num="134" count="0" type="stmt"/>
      <line num="135" count="0" type="stmt"/>
      <line num="136" count="0" type="stmt"/>
      <line num="138" count="0" type="stmt"/>
      <line num="140" count="0" type="stmt"/>
      <line num="141" count="0" type="stmt"/>
      <line num="142" count="0" type="stmt"/>
      <line num="143" count="0" type="stmt"/>
      <line num="144" count="0" type="stmt"/>
      <line num="145" count="0" type="stmt"/>
      <line num="146" count="0" type="stmt"/>
      <line num="147" count="0" type="stmt"/>
      <line num="148" count="0" type="stmt"/>
      <line num="149" count="0" type="stmt"/>
      <line num="151" count="0" type="stmt"/>
      <line num="152" count="0" type="stmt"/>
      <line num="154" count="1" type="cond" truecount="1" falsecount="0"/>
      <line num="155" count="1" type="stmt"/>
      <line num="157" count="1" type="cond" truecount="1" falsecount="0"/>
      <line num="158" count="3" type="cond" truecount="0" falsecount="1"/>
      <line num="159" count="3" type="stmt"/>
      <line num="161" count="3" type="cond" truecount="1" falsecount="0"/>
      <line num="162" count="2" type="cond" truecount="1" falsecount="0"/>
      <line num="163" count="2" type="stmt"/>
      <line num="164" count="2" type="stmt"/>
      <line num="165" count="3" type="cond" truecount="1" falsecount="0"/>
      <line num="166" count="1" type="stmt"/>
      <line num="167" count="1" type="stmt"/>
      <line num="168" count="3" type="stmt"/>
      <line num="170" count="1" type="stmt"/>
      <line num="171" count="1" type="stmt"/>
      <line num="173" count="1" type="cond" truecount="1" falsecount="0"/>
      <line num="174" count="4" type="cond" truecount="0" falsecount="1"/>
      <line num="175" count="4" type="cond" truecount="1" falsecount="0"/>
      <line num="176" count="3" type="stmt"/>
      <line num="177" count="4" type="stmt"/>
      <line num="178" count="4" type="stmt"/>
      <line num="179" count="4" type="stmt"/>
      <line num="181" count="1" type="cond" truecount="1" falsecount="0"/>
      <line num="182" count="3" type="stmt"/>
      <line num="183" count="3" type="stmt"/>
      <line num="184" count="3" type="stmt"/>
      <line num="185" count="3" type="stmt"/>
      <line num="186" count="3" type="stmt"/>
      <line num="187" count="3" type="cond" truecount="1" falsecount="0"/>
      <line num="188" count="1" type="cond" truecount="1" falsecount="0"/>
      <line num="189" count="1" type="stmt"/>
      <line num="190" count="1" type="stmt"/>
      <line num="191" count="1" type="stmt"/>
      <line num="192" count="1" type="stmt"/>
      <line num="193" count="3" type="stmt"/>
      <line num="196" count="1" type="cond" truecount="1" falsecount="0"/>
      <line num="197" count="1" type="stmt"/>
      <line num="198" count="1" type="stmt"/>
      <line num="199" count="1" type="stmt"/>
      <line num="201" count="1" type="cond" truecount="1" falsecount="0"/>
      <line num="202" count="2" type="cond" truecount="0" falsecount="1"/>
      <line num="203" count="0" type="stmt"/>
      <line num="204" count="0" type="stmt"/>
      <line num="205" count="2" type="stmt"/>
      <line num="206" count="2" type="cond" truecount="1" falsecount="0"/>
      <line num="207" count="2" type="stmt"/>
      <line num="208" count="2" type="stmt"/>
      <line num="210" count="1" type="cond" truecount="1" falsecount="0"/>
      <line num="211" count="2" type="stmt"/>
      <line num="212" count="2" type="stmt"/>
      <line num="214" count="1" type="cond" truecount="1" falsecount="0"/>
      <line num="215" count="2" type="stmt"/>
      <line num="216" count="2" type="stmt"/>
      <line num="217" count="1" type="stmt"/>
    </file>
  </project>
</coverage>
