{"C:\\Users\\kush_\\D_Drive_Offload\\reyou-radiation\\packages\\event-bus\\src\\index.ts": {"path":"C:\\Users\\kush_\\D_Drive_Offload\\reyou-radiation\\packages\\event-bus\\src\\index.ts","all":false,"statementMap":{"1":{"start":{"line":2,"column":0},"end":{"line":2,"column":60}},"4":{"start":{"line":5,"column":0},"end":{"line":5,"column":31}},"5":{"start":{"line":6,"column":0},"end":{"line":6,"column":80}},"6":{"start":{"line":7,"column":0},"end":{"line":7,"column":1}},"21":{"start":{"line":22,"column":0},"end":{"line":22,"column":42}},"22":{"start":{"line":23,"column":0},"end":{"line":23,"column":20}},"23":{"start":{"line":24,"column":0},"end":{"line":24,"column":24}},"24":{"start":{"line":25,"column":0},"end":{"line":25,"column":2}},"26":{"start":{"line":27,"column":0},"end":{"line":27,"column":23}},"27":{"start":{"line":28,"column":0},"end":{"line":28,"column":70}},"28":{"start":{"line":29,"column":0},"end":{"line":29,"column":40}},"29":{"start":{"line":30,"column":0},"end":{"line":30,"column":35}},"30":{"start":{"line":31,"column":0},"end":{"line":31,"column":29}},"32":{"start":{"line":33,"column":0},"end":{"line":33,"column":42}},"33":{"start":{"line":34,"column":0},"end":{"line":34,"column":54}},"34":{"start":{"line":35,"column":0},"end":{"line":35,"column":55}},"35":{"start":{"line":36,"column":0},"end":{"line":36,"column":3}},"38":{"start":{"line":39,"column":0},"end":{"line":39,"column":25}},"39":{"start":{"line":40,"column":0},"end":{"line":40,"column":22}},"40":{"start":{"line":41,"column":0},"end":{"line":41,"column":29}},"41":{"start":{"line":42,"column":0},"end":{"line":42,"column":41}},"42":{"start":{"line":43,"column":0},"end":{"line":43,"column":34}},"43":{"start":{"line":44,"column":0},"end":{"line":44,"column":61}},"44":{"start":{"line":45,"column":0},"end":{"line":45,"column":64}},"45":{"start":{"line":46,"column":0},"end":{"line":46,"column":106}},"46":{"start":{"line":47,"column":0},"end":{"line":47,"column":5}},"48":{"start":{"line":49,"column":0},"end":{"line":49,"column":36}},"49":{"start":{"line":50,"column":0},"end":{"line":50,"column":23}},"50":{"start":{"line":51,"column":0},"end":{"line":51,"column":16}},"51":{"start":{"line":52,"column":0},"end":{"line":52,"column":39}},"52":{"start":{"line":53,"column":0},"end":{"line":53,"column":64}},"53":{"start":{"line":54,"column":0},"end":{"line":54,"column":6}},"55":{"start":{"line":56,"column":0},"end":{"line":56,"column":23}},"56":{"start":{"line":57,"column":0},"end":{"line":57,"column":48}},"58":{"start":{"line":59,"column":0},"end":{"line":59,"column":12}},"59":{"start":{"line":60,"column":0},"end":{"line":60,"column":50}},"60":{"start":{"line":61,"column":0},"end":{"line":61,"column":6}},"61":{"start":{"line":62,"column":0},"end":{"line":62,"column":3}},"63":{"start":{"line":64,"column":0},"end":{"line":64,"column":29}},"64":{"start":{"line":65,"column":0},"end":{"line":65,"column":22}},"65":{"start":{"line":66,"column":0},"end":{"line":66,"column":29}},"66":{"start":{"line":67,"column":0},"end":{"line":67,"column":41}},"67":{"start":{"line":68,"column":0},"end":{"line":68,"column":11}},"68":{"start":{"line":69,"column":0},"end":{"line":69,"column":55}},"69":{"start":{"line":70,"column":0},"end":{"line":70,"column":34}},"70":{"start":{"line":71,"column":0},"end":{"line":71,"column":27}},"71":{"start":{"line":72,"column":0},"end":{"line":72,"column":6}},"72":{"start":{"line":73,"column":0},"end":{"line":73,"column":35}},"73":{"start":{"line":74,"column":0},"end":{"line":74,"column":71}},"75":{"start":{"line":76,"column":0},"end":{"line":76,"column":21}},"76":{"start":{"line":77,"column":0},"end":{"line":77,"column":3}},"78":{"start":{"line":79,"column":0},"end":{"line":79,"column":41}},"79":{"start":{"line":80,"column":0},"end":{"line":80,"column":62}},"80":{"start":{"line":81,"column":0},"end":{"line":81,"column":53}},"81":{"start":{"line":82,"column":0},"end":{"line":82,"column":34}},"82":{"start":{"line":83,"column":0},"end":{"line":83,"column":40}},"83":{"start":{"line":84,"column":0},"end":{"line":84,"column":14}},"84":{"start":{"line":85,"column":0},"end":{"line":85,"column":47}},"85":{"start":{"line":86,"column":0},"end":{"line":86,"column":7}},"86":{"start":{"line":87,"column":0},"end":{"line":87,"column":5}},"87":{"start":{"line":88,"column":0},"end":{"line":88,"column":3}},"90":{"start":{"line":91,"column":0},"end":{"line":91,"column":29}},"91":{"start":{"line":92,"column":0},"end":{"line":92,"column":17}},"92":{"start":{"line":93,"column":0},"end":{"line":93,"column":15}},"93":{"start":{"line":94,"column":0},"end":{"line":94,"column":62}},"94":{"start":{"line":95,"column":0},"end":{"line":95,"column":24}},"95":{"start":{"line":96,"column":0},"end":{"line":96,"column":29}},"96":{"start":{"line":97,"column":0},"end":{"line":97,"column":23}},"97":{"start":{"line":98,"column":0},"end":{"line":98,"column":11}},"98":{"start":{"line":99,"column":0},"end":{"line":99,"column":14}},"99":{"start":{"line":100,"column":0},"end":{"line":100,"column":28}},"100":{"start":{"line":101,"column":0},"end":{"line":101,"column":60}},"101":{"start":{"line":102,"column":0},"end":{"line":102,"column":40}},"102":{"start":{"line":103,"column":0},"end":{"line":103,"column":6}},"104":{"start":{"line":105,"column":0},"end":{"line":105,"column":26}},"106":{"start":{"line":107,"column":0},"end":{"line":107,"column":52}},"107":{"start":{"line":108,"column":0},"end":{"line":108,"column":40}},"110":{"start":{"line":111,"column":0},"end":{"line":111,"column":25}},"111":{"start":{"line":112,"column":0},"end":{"line":112,"column":57}},"112":{"start":{"line":113,"column":0},"end":{"line":113,"column":27}},"114":{"start":{"line":115,"column":0},"end":{"line":115,"column":37}},"115":{"start":{"line":116,"column":0},"end":{"line":116,"column":48}},"116":{"start":{"line":117,"column":0},"end":{"line":117,"column":12}},"117":{"start":{"line":118,"column":0},"end":{"line":118,"column":46}},"118":{"start":{"line":119,"column":0},"end":{"line":119,"column":5}},"120":{"start":{"line":121,"column":0},"end":{"line":121,"column":17}},"121":{"start":{"line":122,"column":0},"end":{"line":122,"column":3}},"123":{"start":{"line":124,"column":0},"end":{"line":124,"column":33}},"124":{"start":{"line":125,"column":0},"end":{"line":125,"column":17}},"125":{"start":{"line":126,"column":0},"end":{"line":126,"column":15}},"126":{"start":{"line":127,"column":0},"end":{"line":127,"column":62}},"127":{"start":{"line":128,"column":0},"end":{"line":128,"column":24}},"128":{"start":{"line":129,"column":0},"end":{"line":129,"column":29}},"129":{"start":{"line":130,"column":0},"end":{"line":130,"column":23}},"130":{"start":{"line":131,"column":0},"end":{"line":131,"column":11}},"131":{"start":{"line":132,"column":0},"end":{"line":132,"column":14}},"132":{"start":{"line":133,"column":0},"end":{"line":133,"column":28}},"133":{"start":{"line":134,"column":0},"end":{"line":134,"column":60}},"134":{"start":{"line":135,"column":0},"end":{"line":135,"column":40}},"135":{"start":{"line":136,"column":0},"end":{"line":136,"column":6}},"137":{"start":{"line":138,"column":0},"end":{"line":138,"column":26}},"139":{"start":{"line":140,"column":0},"end":{"line":140,"column":52}},"140":{"start":{"line":141,"column":0},"end":{"line":141,"column":29}},"141":{"start":{"line":142,"column":0},"end":{"line":142,"column":54}},"142":{"start":{"line":143,"column":0},"end":{"line":143,"column":13}},"143":{"start":{"line":144,"column":0},"end":{"line":144,"column":44}},"144":{"start":{"line":145,"column":0},"end":{"line":145,"column":23}},"145":{"start":{"line":146,"column":0},"end":{"line":146,"column":69}},"146":{"start":{"line":147,"column":0},"end":{"line":147,"column":9}},"147":{"start":{"line":148,"column":0},"end":{"line":148,"column":7}},"148":{"start":{"line":149,"column":0},"end":{"line":149,"column":5}},"150":{"start":{"line":151,"column":0},"end":{"line":151,"column":17}},"151":{"start":{"line":152,"column":0},"end":{"line":152,"column":3}},"153":{"start":{"line":154,"column":0},"end":{"line":154,"column":91}},"154":{"start":{"line":155,"column":0},"end":{"line":155,"column":19}},"156":{"start":{"line":157,"column":0},"end":{"line":157,"column":60}},"157":{"start":{"line":158,"column":0},"end":{"line":158,"column":77}},"158":{"start":{"line":159,"column":0},"end":{"line":159,"column":18}},"160":{"start":{"line":161,"column":0},"end":{"line":161,"column":41}},"161":{"start":{"line":162,"column":0},"end":{"line":162,"column":58}},"162":{"start":{"line":163,"column":0},"end":{"line":163,"column":34}},"163":{"start":{"line":164,"column":0},"end":{"line":164,"column":11}},"164":{"start":{"line":165,"column":0},"end":{"line":165,"column":14}},"165":{"start":{"line":166,"column":0},"end":{"line":166,"column":48}},"166":{"start":{"line":167,"column":0},"end":{"line":167,"column":7}},"167":{"start":{"line":168,"column":0},"end":{"line":168,"column":6}},"169":{"start":{"line":170,"column":0},"end":{"line":170,"column":22}},"170":{"start":{"line":171,"column":0},"end":{"line":171,"column":3}},"172":{"start":{"line":173,"column":0},"end":{"line":173,"column":89}},"173":{"start":{"line":174,"column":0},"end":{"line":174,"column":59}},"174":{"start":{"line":175,"column":0},"end":{"line":175,"column":44}},"175":{"start":{"line":176,"column":0},"end":{"line":176,"column":52}},"176":{"start":{"line":177,"column":0},"end":{"line":177,"column":6}},"177":{"start":{"line":178,"column":0},"end":{"line":178,"column":39}},"178":{"start":{"line":179,"column":0},"end":{"line":179,"column":3}},"180":{"start":{"line":181,"column":0},"end":{"line":181,"column":31}},"181":{"start":{"line":182,"column":0},"end":{"line":182,"column":26}},"182":{"start":{"line":183,"column":0},"end":{"line":183,"column":17}},"183":{"start":{"line":184,"column":0},"end":{"line":184,"column":21}},"184":{"start":{"line":185,"column":0},"end":{"line":185,"column":20}},"185":{"start":{"line":186,"column":0},"end":{"line":186,"column":34}},"186":{"start":{"line":187,"column":0},"end":{"line":187,"column":36}},"187":{"start":{"line":188,"column":0},"end":{"line":188,"column":54}},"188":{"start":{"line":189,"column":0},"end":{"line":189,"column":82}},"189":{"start":{"line":190,"column":0},"end":{"line":190,"column":8}},"190":{"start":{"line":191,"column":0},"end":{"line":191,"column":44}},"191":{"start":{"line":192,"column":0},"end":{"line":192,"column":5}},"192":{"start":{"line":193,"column":0},"end":{"line":193,"column":3}},"195":{"start":{"line":196,"column":0},"end":{"line":196,"column":17}},"196":{"start":{"line":197,"column":0},"end":{"line":197,"column":31}},"197":{"start":{"line":198,"column":0},"end":{"line":198,"column":28}},"198":{"start":{"line":199,"column":0},"end":{"line":199,"column":3}},"200":{"start":{"line":201,"column":0},"end":{"line":201,"column":45}},"201":{"start":{"line":202,"column":0},"end":{"line":202,"column":20}},"202":{"start":{"line":203,"column":0},"end":{"line":203,"column":62}},"203":{"start":{"line":204,"column":0},"end":{"line":204,"column":5}},"204":{"start":{"line":205,"column":0},"end":{"line":205,"column":18}},"205":{"start":{"line":206,"column":0},"end":{"line":206,"column":73}},"206":{"start":{"line":207,"column":0},"end":{"line":207,"column":17}},"207":{"start":{"line":208,"column":0},"end":{"line":208,"column":3}},"209":{"start":{"line":210,"column":0},"end":{"line":210,"column":28}},"210":{"start":{"line":211,"column":0},"end":{"line":211,"column":31}},"211":{"start":{"line":212,"column":0},"end":{"line":212,"column":3}},"213":{"start":{"line":214,"column":0},"end":{"line":214,"column":44}},"214":{"start":{"line":215,"column":0},"end":{"line":215,"column":29}},"215":{"start":{"line":216,"column":0},"end":{"line":216,"column":3}},"216":{"start":{"line":217,"column":0},"end":{"line":217,"column":1}}},"s":{"1":1,"4":20,"5":20,"6":20,"21":1,"22":1,"23":1,"24":1,"26":1,"27":1,"28":6,"29":6,"30":6,"32":1,"33":6,"34":6,"35":6,"38":1,"39":6,"40":6,"41":6,"42":6,"43":6,"44":6,"45":0,"46":0,"48":6,"49":6,"50":6,"51":6,"52":6,"53":6,"55":6,"56":6,"58":6,"59":6,"60":6,"61":6,"63":1,"64":0,"65":0,"66":0,"67":0,"68":0,"69":0,"70":0,"71":0,"72":0,"73":0,"75":0,"76":0,"78":1,"79":1,"80":1,"81":1,"82":1,"83":1,"84":0,"85":0,"86":1,"87":1,"90":1,"91":7,"92":7,"93":7,"94":7,"95":7,"96":7,"97":7,"98":7,"99":7,"100":7,"101":7,"102":7,"104":7,"106":7,"107":7,"110":4,"111":4,"112":4,"114":7,"115":1,"116":7,"117":3,"118":3,"120":4,"121":7,"123":1,"124":0,"125":0,"126":0,"127":0,"128":0,"129":0,"130":0,"131":0,"132":0,"133":0,"134":0,"135":0,"137":0,"139":0,"140":0,"141":0,"142":0,"143":0,"144":0,"145":0,"146":0,"147":0,"148":0,"150":0,"151":0,"153":1,"154":1,"156":1,"157":3,"158":3,"160":3,"161":2,"162":2,"163":2,"164":3,"165":1,"166":1,"167":3,"169":1,"170":1,"172":1,"173":4,"174":4,"175":3,"176":4,"177":4,"178":4,"180":1,"181":3,"182":3,"183":3,"184":3,"185":3,"186":3,"187":1,"188":1,"189":1,"190":1,"191":1,"192":3,"195":1,"196":1,"197":1,"198":1,"200":1,"201":2,"202":0,"203":0,"204":2,"205":2,"206":2,"207":2,"209":1,"210":2,"211":2,"213":1,"214":2,"215":2,"216":1},"branchMap":{"0":{"type":"branch","line":5,"loc":{"start":{"line":5,"column":0},"end":{"line":7,"column":1}},"locations":[{"start":{"line":5,"column":0},"end":{"line":7,"column":1}}]},"1":{"type":"branch","line":28,"loc":{"start":{"line":28,"column":10},"end":{"line":31,"column":29}},"locations":[{"start":{"line":28,"column":10},"end":{"line":31,"column":29}}]},"2":{"type":"branch","line":33,"loc":{"start":{"line":33,"column":2},"end":{"line":36,"column":3}},"locations":[{"start":{"line":33,"column":2},"end":{"line":36,"column":3}}]},"3":{"type":"branch","line":35,"loc":{"start":{"line":35,"column":27},"end":{"line":35,"column":50}},"locations":[{"start":{"line":35,"column":27},"end":{"line":35,"column":50}}]},"4":{"type":"branch","line":39,"loc":{"start":{"line":39,"column":2},"end":{"line":62,"column":3}},"locations":[{"start":{"line":39,"column":2},"end":{"line":62,"column":3}}]},"5":{"type":"branch","line":44,"loc":{"start":{"line":44,"column":53},"end":{"line":44,"column":61}},"locations":[{"start":{"line":44,"column":53},"end":{"line":44,"column":61}}]},"6":{"type":"branch","line":45,"loc":{"start":{"line":45,"column":41},"end":{"line":45,"column":63}},"locations":[{"start":{"line":45,"column":41},"end":{"line":45,"column":63}}]},"7":{"type":"branch","line":45,"loc":{"start":{"line":45,"column":63},"end":{"line":47,"column":5}},"locations":[{"start":{"line":45,"column":63},"end":{"line":47,"column":5}}]},"8":{"type":"branch","line":60,"loc":{"start":{"line":60,"column":19},"end":{"line":60,"column":50}},"locations":[{"start":{"line":60,"column":19},"end":{"line":60,"column":50}}]},"9":{"type":"branch","line":79,"loc":{"start":{"line":79,"column":10},"end":{"line":88,"column":3}},"locations":[{"start":{"line":79,"column":10},"end":{"line":88,"column":3}}]},"10":{"type":"branch","line":84,"loc":{"start":{"line":84,"column":6},"end":{"line":86,"column":7}},"locations":[{"start":{"line":84,"column":6},"end":{"line":86,"column":7}}]},"11":{"type":"branch","line":81,"loc":{"start":{"line":81,"column":35},"end":{"line":81,"column":51}},"locations":[{"start":{"line":81,"column":35},"end":{"line":81,"column":51}}]},"12":{"type":"branch","line":91,"loc":{"start":{"line":91,"column":2},"end":{"line":122,"column":3}},"locations":[{"start":{"line":91,"column":2},"end":{"line":122,"column":3}}]},"13":{"type":"branch","line":101,"loc":{"start":{"line":101,"column":21},"end":{"line":101,"column":47}},"locations":[{"start":{"line":101,"column":21},"end":{"line":101,"column":47}}]},"14":{"type":"branch","line":102,"loc":{"start":{"line":102,"column":19},"end":{"line":102,"column":40}},"locations":[{"start":{"line":102,"column":19},"end":{"line":102,"column":40}}]},"15":{"type":"branch","line":107,"loc":{"start":{"line":107,"column":44},"end":{"line":107,"column":52}},"locations":[{"start":{"line":107,"column":44},"end":{"line":107,"column":52}}]},"16":{"type":"branch","line":108,"loc":{"start":{"line":108,"column":27},"end":{"line":108,"column":40}},"locations":[{"start":{"line":108,"column":27},"end":{"line":108,"column":40}}]},"17":{"type":"branch","line":108,"loc":{"start":{"line":108,"column":34},"end":{"line":115,"column":36}},"locations":[{"start":{"line":108,"column":34},"end":{"line":115,"column":36}}]},"18":{"type":"branch","line":115,"loc":{"start":{"line":115,"column":36},"end":{"line":117,"column":11}},"locations":[{"start":{"line":115,"column":36},"end":{"line":117,"column":11}}]},"19":{"type":"branch","line":117,"loc":{"start":{"line":117,"column":4},"end":{"line":119,"column":5}},"locations":[{"start":{"line":117,"column":4},"end":{"line":119,"column":5}}]},"20":{"type":"branch","line":119,"loc":{"start":{"line":119,"column":4},"end":{"line":121,"column":17}},"locations":[{"start":{"line":119,"column":4},"end":{"line":121,"column":17}}]},"21":{"type":"branch","line":112,"loc":{"start":{"line":112,"column":14},"end":{"line":112,"column":56}},"locations":[{"start":{"line":112,"column":14},"end":{"line":112,"column":56}}]},"22":{"type":"branch","line":112,"loc":{"start":{"line":112,"column":22},"end":{"line":112,"column":56}},"locations":[{"start":{"line":112,"column":22},"end":{"line":112,"column":56}}]},"23":{"type":"branch","line":113,"loc":{"start":{"line":113,"column":11},"end":{"line":113,"column":25}},"locations":[{"start":{"line":113,"column":11},"end":{"line":113,"column":25}}]},"24":{"type":"branch","line":154,"loc":{"start":{"line":154,"column":2},"end":{"line":171,"column":3}},"locations":[{"start":{"line":154,"column":2},"end":{"line":171,"column":3}}]},"25":{"type":"branch","line":157,"loc":{"start":{"line":157,"column":21},"end":{"line":168,"column":6}},"locations":[{"start":{"line":157,"column":21},"end":{"line":168,"column":6}}]},"26":{"type":"branch","line":158,"loc":{"start":{"line":158,"column":25},"end":{"line":158,"column":77}},"locations":[{"start":{"line":158,"column":25},"end":{"line":158,"column":77}}]},"27":{"type":"branch","line":161,"loc":{"start":{"line":161,"column":40},"end":{"line":165,"column":13}},"locations":[{"start":{"line":161,"column":40},"end":{"line":165,"column":13}}]},"28":{"type":"branch","line":165,"loc":{"start":{"line":165,"column":6},"end":{"line":167,"column":7}},"locations":[{"start":{"line":165,"column":6},"end":{"line":167,"column":7}}]},"29":{"type":"branch","line":162,"loc":{"start":{"line":162,"column":43},"end":{"line":164,"column":9}},"locations":[{"start":{"line":162,"column":43},"end":{"line":164,"column":9}}]},"30":{"type":"branch","line":173,"loc":{"start":{"line":173,"column":2},"end":{"line":179,"column":3}},"locations":[{"start":{"line":173,"column":2},"end":{"line":179,"column":3}}]},"31":{"type":"branch","line":174,"loc":{"start":{"line":174,"column":35},"end":{"line":174,"column":59}},"locations":[{"start":{"line":174,"column":35},"end":{"line":174,"column":59}}]},"32":{"type":"branch","line":175,"loc":{"start":{"line":175,"column":34},"end":{"line":176,"column":52}},"locations":[{"start":{"line":175,"column":34},"end":{"line":176,"column":52}}]},"33":{"type":"branch","line":181,"loc":{"start":{"line":181,"column":2},"end":{"line":193,"column":3}},"locations":[{"start":{"line":181,"column":2},"end":{"line":193,"column":3}}]},"34":{"type":"branch","line":187,"loc":{"start":{"line":187,"column":35},"end":{"line":192,"column":5}},"locations":[{"start":{"line":187,"column":35},"end":{"line":192,"column":5}}]},"35":{"type":"branch","line":188,"loc":{"start":{"line":188,"column":40},"end":{"line":189,"column":82}},"locations":[{"start":{"line":188,"column":40},"end":{"line":189,"column":82}}]},"36":{"type":"branch","line":196,"loc":{"start":{"line":196,"column":2},"end":{"line":199,"column":3}},"locations":[{"start":{"line":196,"column":2},"end":{"line":199,"column":3}}]},"37":{"type":"branch","line":201,"loc":{"start":{"line":201,"column":2},"end":{"line":208,"column":3}},"locations":[{"start":{"line":201,"column":2},"end":{"line":208,"column":3}}]},"38":{"type":"branch","line":202,"loc":{"start":{"line":202,"column":19},"end":{"line":204,"column":5}},"locations":[{"start":{"line":202,"column":19},"end":{"line":204,"column":5}}]},"39":{"type":"branch","line":206,"loc":{"start":{"line":206,"column":52},"end":{"line":206,"column":73}},"locations":[{"start":{"line":206,"column":52},"end":{"line":206,"column":73}}]},"40":{"type":"branch","line":210,"loc":{"start":{"line":210,"column":2},"end":{"line":212,"column":3}},"locations":[{"start":{"line":210,"column":2},"end":{"line":212,"column":3}}]},"41":{"type":"branch","line":214,"loc":{"start":{"line":214,"column":2},"end":{"line":216,"column":3}},"locations":[{"start":{"line":214,"column":2},"end":{"line":216,"column":3}}]}},"b":{"0":[20],"1":[6],"2":[6],"3":[0],"4":[6],"5":[5],"6":[0],"7":[0],"8":[1],"9":[1],"10":[0],"11":[1],"12":[7],"13":[0],"14":[0],"15":[3],"16":[3],"17":[4],"18":[1],"19":[3],"20":[4],"21":[4],"22":[2],"23":[3],"24":[1],"25":[3],"26":[0],"27":[2],"28":[1],"29":[2],"30":[4],"31":[0],"32":[3],"33":[3],"34":[1],"35":[1],"36":[1],"37":[2],"38":[0],"39":[1],"40":[2],"41":[2]},"fnMap":{"0":{"name":"generateId","decl":{"start":{"line":5,"column":0},"end":{"line":7,"column":1}},"loc":{"start":{"line":5,"column":0},"end":{"line":7,"column":1}},"line":5},"1":{"name":"<instance_members_initializer>","decl":{"start":{"line":28,"column":10},"end":{"line":31,"column":29}},"loc":{"start":{"line":28,"column":10},"end":{"line":31,"column":29}},"line":28},"2":{"name":"EventBus","decl":{"start":{"line":33,"column":2},"end":{"line":36,"column":3}},"loc":{"start":{"line":33,"column":2},"end":{"line":36,"column":3}},"line":33},"3":{"name":"subscribe","decl":{"start":{"line":39,"column":2},"end":{"line":62,"column":3}},"loc":{"start":{"line":39,"column":2},"end":{"line":62,"column":3}},"line":39},"4":{"name":"unsubscribe","decl":{"start":{"line":60,"column":19},"end":{"line":60,"column":50}},"loc":{"start":{"line":60,"column":19},"end":{"line":60,"column":50}},"line":60},"5":{"name":"subscribeOnce","decl":{"start":{"line":64,"column":2},"end":{"line":77,"column":3}},"loc":{"start":{"line":64,"column":2},"end":{"line":77,"column":3}},"line":64},"6":{"name":"unsubscribe","decl":{"start":{"line":79,"column":10},"end":{"line":88,"column":3}},"loc":{"start":{"line":79,"column":10},"end":{"line":88,"column":3}},"line":79},"7":{"name":"publish","decl":{"start":{"line":91,"column":2},"end":{"line":122,"column":3}},"loc":{"start":{"line":91,"column":2},"end":{"line":122,"column":3}},"line":91},"8":{"name":"publishSync","decl":{"start":{"line":124,"column":2},"end":{"line":152,"column":3}},"loc":{"start":{"line":124,"column":2},"end":{"line":152,"column":3}},"line":124},"9":{"name":"runMiddleware","decl":{"start":{"line":154,"column":2},"end":{"line":171,"column":3}},"loc":{"start":{"line":154,"column":2},"end":{"line":171,"column":3}},"line":154},"10":{"name":"dispatch","decl":{"start":{"line":157,"column":21},"end":{"line":168,"column":6}},"loc":{"start":{"line":157,"column":21},"end":{"line":168,"column":6}},"line":157},"11":{"name":"runHandlers","decl":{"start":{"line":173,"column":2},"end":{"line":179,"column":3}},"loc":{"start":{"line":173,"column":2},"end":{"line":179,"column":3}},"line":173},"12":{"name":"runWithTimeout","decl":{"start":{"line":181,"column":2},"end":{"line":193,"column":3}},"loc":{"start":{"line":181,"column":2},"end":{"line":193,"column":3}},"line":181},"13":{"name":"clear","decl":{"start":{"line":196,"column":2},"end":{"line":199,"column":3}},"loc":{"start":{"line":196,"column":2},"end":{"line":199,"column":3}},"line":196},"14":{"name":"listenerCount","decl":{"start":{"line":201,"column":2},"end":{"line":208,"column":3}},"loc":{"start":{"line":201,"column":2},"end":{"line":208,"column":3}},"line":201},"15":{"name":"totalPublished","decl":{"start":{"line":210,"column":2},"end":{"line":212,"column":3}},"loc":{"start":{"line":210,"column":2},"end":{"line":212,"column":3}},"line":210},"16":{"name":"addMiddleware","decl":{"start":{"line":214,"column":2},"end":{"line":216,"column":3}},"loc":{"start":{"line":214,"column":2},"end":{"line":216,"column":3}},"line":214}},"f":{"0":20,"1":6,"2":6,"3":6,"4":1,"5":0,"6":1,"7":7,"8":0,"9":1,"10":3,"11":4,"12":3,"13":1,"14":2,"15":2,"16":2}}
}
