{"C:\\Users\\kush_\\D_Drive_Offload\\reyou-radiation\\packages\\errors\\src\\index.ts": {"path":"C:\\Users\\kush_\\D_Drive_Offload\\reyou-radiation\\packages\\errors\\src\\index.ts","all":false,"statementMap":{"3":{"start":{"line":4,"column":0},"end":{"line":4,"column":27}},"4":{"start":{"line":5,"column":0},"end":{"line":5,"column":45}},"5":{"start":{"line":6,"column":0},"end":{"line":6,"column":39}},"6":{"start":{"line":7,"column":0},"end":{"line":7,"column":39}},"7":{"start":{"line":8,"column":0},"end":{"line":8,"column":49}},"8":{"start":{"line":9,"column":0},"end":{"line":9,"column":45}},"9":{"start":{"line":10,"column":0},"end":{"line":10,"column":53}},"10":{"start":{"line":11,"column":0},"end":{"line":11,"column":43}},"11":{"start":{"line":12,"column":0},"end":{"line":12,"column":29}},"12":{"start":{"line":13,"column":0},"end":{"line":13,"column":39}},"13":{"start":{"line":14,"column":0},"end":{"line":14,"column":45}},"14":{"start":{"line":15,"column":0},"end":{"line":15,"column":25}},"15":{"start":{"line":16,"column":0},"end":{"line":16,"column":41}},"16":{"start":{"line":17,"column":0},"end":{"line":17,"column":27}},"17":{"start":{"line":18,"column":0},"end":{"line":18,"column":25}},"18":{"start":{"line":19,"column":0},"end":{"line":19,"column":11}},"23":{"start":{"line":24,"column":0},"end":{"line":24,"column":56}},"24":{"start":{"line":25,"column":0},"end":{"line":25,"column":47}},"25":{"start":{"line":26,"column":0},"end":{"line":26,"column":47}},"26":{"start":{"line":27,"column":0},"end":{"line":27,"column":47}},"27":{"start":{"line":28,"column":0},"end":{"line":28,"column":46}},"28":{"start":{"line":29,"column":0},"end":{"line":29,"column":44}},"29":{"start":{"line":30,"column":0},"end":{"line":30,"column":46}},"30":{"start":{"line":31,"column":0},"end":{"line":31,"column":43}},"31":{"start":{"line":32,"column":0},"end":{"line":32,"column":36}},"32":{"start":{"line":33,"column":0},"end":{"line":33,"column":41}},"33":{"start":{"line":34,"column":0},"end":{"line":34,"column":45}},"34":{"start":{"line":35,"column":0},"end":{"line":35,"column":36}},"35":{"start":{"line":36,"column":0},"end":{"line":36,"column":40}},"36":{"start":{"line":37,"column":0},"end":{"line":37,"column":33}},"37":{"start":{"line":38,"column":0},"end":{"line":38,"column":32}},"38":{"start":{"line":39,"column":0},"end":{"line":39,"column":2}},"41":{"start":{"line":42,"column":0},"end":{"line":42,"column":37}},"42":{"start":{"line":43,"column":0},"end":{"line":43,"column":34}},"43":{"start":{"line":44,"column":0},"end":{"line":44,"column":42}},"44":{"start":{"line":45,"column":0},"end":{"line":45,"column":52}},"45":{"start":{"line":46,"column":0},"end":{"line":46,"column":36}},"47":{"start":{"line":48,"column":0},"end":{"line":48,"column":14}},"48":{"start":{"line":49,"column":0},"end":{"line":49,"column":20}},"49":{"start":{"line":50,"column":0},"end":{"line":50,"column":20}},"50":{"start":{"line":51,"column":0},"end":{"line":51,"column":39}},"51":{"start":{"line":52,"column":0},"end":{"line":52,"column":17}},"52":{"start":{"line":53,"column":0},"end":{"line":53,"column":5}},"53":{"start":{"line":54,"column":0},"end":{"line":54,"column":19}},"54":{"start":{"line":55,"column":0},"end":{"line":55,"column":27}},"55":{"start":{"line":56,"column":0},"end":{"line":56,"column":21}},"56":{"start":{"line":57,"column":0},"end":{"line":57,"column":52}},"57":{"start":{"line":58,"column":0},"end":{"line":58,"column":35}},"58":{"start":{"line":59,"column":0},"end":{"line":59,"column":32}},"59":{"start":{"line":60,"column":0},"end":{"line":60,"column":34}},"60":{"start":{"line":61,"column":0},"end":{"line":61,"column":3}},"62":{"start":{"line":63,"column":0},"end":{"line":63,"column":34}},"63":{"start":{"line":64,"column":0},"end":{"line":64,"column":12}},"64":{"start":{"line":65,"column":0},"end":{"line":65,"column":22}},"65":{"start":{"line":66,"column":0},"end":{"line":66,"column":30}},"66":{"start":{"line":67,"column":0},"end":{"line":67,"column":28}},"67":{"start":{"line":68,"column":0},"end":{"line":68,"column":30}},"68":{"start":{"line":69,"column":0},"end":{"line":69,"column":32}},"69":{"start":{"line":70,"column":0},"end":{"line":70,"column":66}},"70":{"start":{"line":71,"column":0},"end":{"line":71,"column":6}},"71":{"start":{"line":72,"column":0},"end":{"line":72,"column":3}},"73":{"start":{"line":74,"column":0},"end":{"line":74,"column":26}},"74":{"start":{"line":75,"column":0},"end":{"line":75,"column":41}},"75":{"start":{"line":76,"column":0},"end":{"line":76,"column":3}},"77":{"start":{"line":78,"column":0},"end":{"line":78,"column":28}},"78":{"start":{"line":79,"column":0},"end":{"line":79,"column":76}},"79":{"start":{"line":80,"column":0},"end":{"line":80,"column":3}},"81":{"start":{"line":82,"column":0},"end":{"line":82,"column":22}},"82":{"start":{"line":83,"column":0},"end":{"line":83,"column":37}},"83":{"start":{"line":84,"column":0},"end":{"line":84,"column":3}},"84":{"start":{"line":85,"column":0},"end":{"line":85,"column":1}},"87":{"start":{"line":88,"column":0},"end":{"line":88,"column":111}},"88":{"start":{"line":89,"column":0},"end":{"line":89,"column":78}},"89":{"start":{"line":90,"column":0},"end":{"line":90,"column":1}},"91":{"start":{"line":92,"column":0},"end":{"line":92,"column":107}},"92":{"start":{"line":93,"column":0},"end":{"line":93,"column":75}},"93":{"start":{"line":94,"column":0},"end":{"line":94,"column":1}},"95":{"start":{"line":96,"column":0},"end":{"line":96,"column":108}},"96":{"start":{"line":97,"column":0},"end":{"line":97,"column":80}},"97":{"start":{"line":98,"column":0},"end":{"line":98,"column":1}},"99":{"start":{"line":100,"column":0},"end":{"line":100,"column":111}},"100":{"start":{"line":101,"column":0},"end":{"line":101,"column":78}},"101":{"start":{"line":102,"column":0},"end":{"line":102,"column":1}},"103":{"start":{"line":104,"column":0},"end":{"line":104,"column":105}},"104":{"start":{"line":105,"column":0},"end":{"line":105,"column":82}},"105":{"start":{"line":106,"column":0},"end":{"line":106,"column":1}},"107":{"start":{"line":108,"column":0},"end":{"line":108,"column":94}},"108":{"start":{"line":109,"column":0},"end":{"line":109,"column":63}},"109":{"start":{"line":110,"column":0},"end":{"line":110,"column":1}},"111":{"start":{"line":112,"column":0},"end":{"line":112,"column":96}},"112":{"start":{"line":113,"column":0},"end":{"line":113,"column":71}},"113":{"start":{"line":114,"column":0},"end":{"line":114,"column":1}},"115":{"start":{"line":116,"column":0},"end":{"line":116,"column":93}},"116":{"start":{"line":117,"column":0},"end":{"line":117,"column":61}},"117":{"start":{"line":118,"column":0},"end":{"line":118,"column":1}},"119":{"start":{"line":120,"column":0},"end":{"line":120,"column":115}},"120":{"start":{"line":121,"column":0},"end":{"line":121,"column":76}},"121":{"start":{"line":122,"column":0},"end":{"line":122,"column":1}},"123":{"start":{"line":124,"column":0},"end":{"line":124,"column":109}},"124":{"start":{"line":125,"column":0},"end":{"line":125,"column":69}},"125":{"start":{"line":126,"column":0},"end":{"line":126,"column":1}},"128":{"start":{"line":129,"column":0},"end":{"line":129,"column":97}},"129":{"start":{"line":130,"column":0},"end":{"line":130,"column":46}},"130":{"start":{"line":131,"column":0},"end":{"line":131,"column":49}},"131":{"start":{"line":132,"column":0},"end":{"line":132,"column":3}},"132":{"start":{"line":133,"column":0},"end":{"line":133,"column":1}},"134":{"start":{"line":135,"column":0},"end":{"line":135,"column":85}},"135":{"start":{"line":136,"column":0},"end":{"line":136,"column":34}},"136":{"start":{"line":137,"column":0},"end":{"line":137,"column":80}},"137":{"start":{"line":138,"column":0},"end":{"line":138,"column":3}},"138":{"start":{"line":139,"column":0},"end":{"line":139,"column":1}},"140":{"start":{"line":141,"column":0},"end":{"line":141,"column":85}},"141":{"start":{"line":142,"column":0},"end":{"line":142,"column":57}},"142":{"start":{"line":143,"column":0},"end":{"line":143,"column":86}},"143":{"start":{"line":144,"column":0},"end":{"line":144,"column":3}},"144":{"start":{"line":145,"column":0},"end":{"line":145,"column":1}},"146":{"start":{"line":147,"column":0},"end":{"line":147,"column":87}},"147":{"start":{"line":148,"column":0},"end":{"line":148,"column":35}},"148":{"start":{"line":149,"column":0},"end":{"line":149,"column":81}},"149":{"start":{"line":150,"column":0},"end":{"line":150,"column":3}},"150":{"start":{"line":151,"column":0},"end":{"line":151,"column":1}},"160":{"start":{"line":161,"column":0},"end":{"line":161,"column":37}},"161":{"start":{"line":162,"column":0},"end":{"line":162,"column":17}},"162":{"start":{"line":163,"column":0},"end":{"line":163,"column":19}},"163":{"start":{"line":164,"column":0},"end":{"line":164,"column":19}},"164":{"start":{"line":165,"column":0},"end":{"line":165,"column":2}},"166":{"start":{"line":167,"column":0},"end":{"line":167,"column":35}},"167":{"start":{"line":168,"column":0},"end":{"line":168,"column":23}},"168":{"start":{"line":169,"column":0},"end":{"line":169,"column":33}},"169":{"start":{"line":170,"column":0},"end":{"line":170,"column":15}},"170":{"start":{"line":171,"column":0},"end":{"line":171,"column":48}},"171":{"start":{"line":172,"column":0},"end":{"line":172,"column":37}},"173":{"start":{"line":174,"column":0},"end":{"line":174,"column":65}},"174":{"start":{"line":175,"column":0},"end":{"line":175,"column":9}},"175":{"start":{"line":176,"column":0},"end":{"line":176,"column":24}},"176":{"start":{"line":177,"column":0},"end":{"line":177,"column":19}},"177":{"start":{"line":178,"column":0},"end":{"line":178,"column":70}},"179":{"start":{"line":180,"column":0},"end":{"line":180,"column":46}},"181":{"start":{"line":182,"column":0},"end":{"line":182,"column":49}},"182":{"start":{"line":183,"column":0},"end":{"line":183,"column":27}},"183":{"start":{"line":184,"column":0},"end":{"line":184,"column":45}},"185":{"start":{"line":186,"column":0},"end":{"line":186,"column":30}},"187":{"start":{"line":188,"column":0},"end":{"line":188,"column":91}},"188":{"start":{"line":189,"column":0},"end":{"line":189,"column":63}},"189":{"start":{"line":190,"column":0},"end":{"line":190,"column":5}},"190":{"start":{"line":191,"column":0},"end":{"line":191,"column":3}},"192":{"start":{"line":193,"column":0},"end":{"line":193,"column":91}},"193":{"start":{"line":194,"column":0},"end":{"line":194,"column":1}}},"s":{"3":1,"4":1,"5":1,"6":1,"7":1,"8":1,"9":1,"10":1,"11":1,"12":1,"13":1,"14":1,"15":1,"16":1,"17":1,"18":1,"23":1,"24":1,"25":1,"26":1,"27":1,"28":1,"29":1,"30":1,"31":1,"32":1,"33":1,"34":1,"35":1,"36":1,"37":1,"38":1,"41":1,"42":1,"43":10,"44":10,"45":10,"47":1,"48":10,"49":10,"50":10,"51":10,"52":10,"53":10,"54":10,"55":10,"56":10,"57":10,"58":10,"59":10,"60":10,"62":1,"63":1,"64":1,"65":1,"66":1,"67":1,"68":1,"69":1,"70":1,"71":1,"73":1,"74":5,"75":5,"77":1,"78":1,"79":1,"81":1,"82":1,"83":1,"84":1,"87":1,"88":4,"89":4,"91":1,"92":0,"93":0,"95":1,"96":0,"97":0,"99":1,"100":0,"101":0,"103":1,"104":0,"105":0,"107":1,"108":0,"109":0,"111":1,"112":0,"113":0,"115":1,"116":0,"117":0,"119":1,"120":0,"121":0,"123":1,"124":0,"125":0,"128":1,"129":5,"130":2,"131":2,"132":5,"134":1,"135":0,"136":0,"137":0,"138":0,"140":1,"141":0,"142":0,"143":0,"144":0,"146":1,"147":0,"148":0,"149":0,"150":0,"160":1,"161":1,"162":1,"163":1,"164":1,"166":3,"167":3,"168":3,"169":3,"170":3,"171":3,"173":3,"174":6,"175":6,"176":6,"177":4,"179":4,"181":3,"182":3,"183":0,"185":4,"187":3,"188":3,"189":3,"190":6,"192":3,"193":3},"branchMap":{"0":{"type":"branch","line":43,"loc":{"start":{"line":43,"column":18},"end":{"line":46,"column":36}},"locations":[{"start":{"line":43,"column":18},"end":{"line":46,"column":36}}]},"1":{"type":"branch","line":48,"loc":{"start":{"line":48,"column":2},"end":{"line":61,"column":3}},"locations":[{"start":{"line":48,"column":2},"end":{"line":61,"column":3}}]},"2":{"type":"branch","line":57,"loc":{"start":{"line":57,"column":37},"end":{"line":57,"column":52}},"locations":[{"start":{"line":57,"column":37},"end":{"line":57,"column":52}}]},"3":{"type":"branch","line":58,"loc":{"start":{"line":58,"column":20},"end":{"line":58,"column":35}},"locations":[{"start":{"line":58,"column":20},"end":{"line":58,"column":35}}]},"4":{"type":"branch","line":60,"loc":{"start":{"line":60,"column":15},"end":{"line":60,"column":34}},"locations":[{"start":{"line":60,"column":15},"end":{"line":60,"column":34}}]},"5":{"type":"branch","line":63,"loc":{"start":{"line":63,"column":2},"end":{"line":72,"column":3}},"locations":[{"start":{"line":63,"column":2},"end":{"line":72,"column":3}}]},"6":{"type":"branch","line":70,"loc":{"start":{"line":70,"column":35},"end":{"line":70,"column":56}},"locations":[{"start":{"line":70,"column":35},"end":{"line":70,"column":56}}]},"7":{"type":"branch","line":74,"loc":{"start":{"line":74,"column":2},"end":{"line":76,"column":3}},"locations":[{"start":{"line":74,"column":2},"end":{"line":76,"column":3}}]},"8":{"type":"branch","line":78,"loc":{"start":{"line":78,"column":2},"end":{"line":80,"column":3}},"locations":[{"start":{"line":78,"column":2},"end":{"line":80,"column":3}}]},"9":{"type":"branch","line":82,"loc":{"start":{"line":82,"column":2},"end":{"line":84,"column":3}},"locations":[{"start":{"line":82,"column":2},"end":{"line":84,"column":3}}]},"10":{"type":"branch","line":88,"loc":{"start":{"line":88,"column":7},"end":{"line":90,"column":1}},"locations":[{"start":{"line":88,"column":7},"end":{"line":90,"column":1}}]},"11":{"type":"branch","line":129,"loc":{"start":{"line":129,"column":7},"end":{"line":133,"column":1}},"locations":[{"start":{"line":129,"column":7},"end":{"line":133,"column":1}}]},"12":{"type":"branch","line":130,"loc":{"start":{"line":130,"column":16},"end":{"line":130,"column":45}},"locations":[{"start":{"line":130,"column":16},"end":{"line":130,"column":45}}]},"13":{"type":"branch","line":130,"loc":{"start":{"line":130,"column":45},"end":{"line":132,"column":3}},"locations":[{"start":{"line":130,"column":45},"end":{"line":132,"column":3}}]},"14":{"type":"branch","line":167,"loc":{"start":{"line":167,"column":0},"end":{"line":194,"column":1}},"locations":[{"start":{"line":167,"column":0},"end":{"line":194,"column":1}}]},"15":{"type":"branch","line":174,"loc":{"start":{"line":174,"column":64},"end":{"line":191,"column":3}},"locations":[{"start":{"line":174,"column":64},"end":{"line":191,"column":3}}]},"16":{"type":"branch","line":177,"loc":{"start":{"line":177,"column":4},"end":{"line":190,"column":5}},"locations":[{"start":{"line":177,"column":4},"end":{"line":190,"column":5}}]},"17":{"type":"branch","line":178,"loc":{"start":{"line":178,"column":41},"end":{"line":178,"column":70}},"locations":[{"start":{"line":178,"column":41},"end":{"line":178,"column":70}}]},"18":{"type":"branch","line":180,"loc":{"start":{"line":180,"column":40},"end":{"line":180,"column":46}},"locations":[{"start":{"line":180,"column":40},"end":{"line":180,"column":46}}]},"19":{"type":"branch","line":180,"loc":{"start":{"line":180,"column":40},"end":{"line":183,"column":27}},"locations":[{"start":{"line":180,"column":40},"end":{"line":183,"column":27}}]},"20":{"type":"branch","line":183,"loc":{"start":{"line":183,"column":26},"end":{"line":184,"column":45}},"locations":[{"start":{"line":183,"column":26},"end":{"line":184,"column":45}}]},"21":{"type":"branch","line":186,"loc":{"start":{"line":186,"column":24},"end":{"line":186,"column":30}},"locations":[{"start":{"line":186,"column":24},"end":{"line":186,"column":30}}]},"22":{"type":"branch","line":186,"loc":{"start":{"line":186,"column":24},"end":{"line":190,"column":5}},"locations":[{"start":{"line":186,"column":24},"end":{"line":190,"column":5}}]},"23":{"type":"branch","line":191,"loc":{"start":{"line":191,"column":2},"end":{"line":193,"column":21}},"locations":[{"start":{"line":191,"column":2},"end":{"line":193,"column":21}}]},"24":{"type":"branch","line":193,"loc":{"start":{"line":193,"column":8},"end":{"line":193,"column":91}},"locations":[{"start":{"line":193,"column":8},"end":{"line":193,"column":91}}]},"25":{"type":"branch","line":189,"loc":{"start":{"line":189,"column":24},"end":{"line":189,"column":61}},"locations":[{"start":{"line":189,"column":24},"end":{"line":189,"column":61}}]}},"b":{"0":[10],"1":[10],"2":[0],"3":[9],"4":[0],"5":[1],"6":[0],"7":[5],"8":[1],"9":[1],"10":[4],"11":[5],"12":[4],"13":[2],"14":[3],"15":[6],"16":[4],"17":[0],"18":[1],"19":[3],"20":[0],"21":[0],"22":[3],"23":[4],"24":[0],"25":[3]},"fnMap":{"0":{"name":"<instance_members_initializer>","decl":{"start":{"line":43,"column":18},"end":{"line":46,"column":36}},"loc":{"start":{"line":43,"column":18},"end":{"line":46,"column":36}},"line":43},"1":{"name":"AppError","decl":{"start":{"line":48,"column":2},"end":{"line":61,"column":3}},"loc":{"start":{"line":48,"column":2},"end":{"line":61,"column":3}},"line":48},"2":{"name":"toRuntimeError","decl":{"start":{"line":63,"column":2},"end":{"line":72,"column":3}},"loc":{"start":{"line":63,"column":2},"end":{"line":72,"column":3}},"line":63},"3":{"name":"isRetryable","decl":{"start":{"line":74,"column":2},"end":{"line":76,"column":3}},"loc":{"start":{"line":74,"column":2},"end":{"line":76,"column":3}},"line":74},"4":{"name":"isRecoverable","decl":{"start":{"line":78,"column":2},"end":{"line":80,"column":3}},"loc":{"start":{"line":78,"column":2},"end":{"line":80,"column":3}},"line":78},"5":{"name":"isFatal","decl":{"start":{"line":82,"column":2},"end":{"line":84,"column":3}},"loc":{"start":{"line":82,"column":2},"end":{"line":84,"column":3}},"line":82},"6":{"name":"validationError","decl":{"start":{"line":88,"column":7},"end":{"line":90,"column":1}},"loc":{"start":{"line":88,"column":7},"end":{"line":90,"column":1}},"line":88},"7":{"name":"configError","decl":{"start":{"line":92,"column":7},"end":{"line":94,"column":1}},"loc":{"start":{"line":92,"column":7},"end":{"line":94,"column":1}},"line":92},"8":{"name":"serviceError","decl":{"start":{"line":96,"column":7},"end":{"line":98,"column":1}},"loc":{"start":{"line":96,"column":7},"end":{"line":98,"column":1}},"line":96},"9":{"name":"dependencyError","decl":{"start":{"line":100,"column":7},"end":{"line":102,"column":1}},"loc":{"start":{"line":100,"column":7},"end":{"line":102,"column":1}},"line":100},"10":{"name":"initError","decl":{"start":{"line":104,"column":7},"end":{"line":106,"column":1}},"loc":{"start":{"line":104,"column":7},"end":{"line":106,"column":1}},"line":104},"11":{"name":"notFoundError","decl":{"start":{"line":108,"column":7},"end":{"line":110,"column":1}},"loc":{"start":{"line":108,"column":7},"end":{"line":110,"column":1}},"line":108},"12":{"name":"permissionError","decl":{"start":{"line":112,"column":7},"end":{"line":114,"column":1}},"loc":{"start":{"line":112,"column":7},"end":{"line":114,"column":1}},"line":112},"13":{"name":"timeoutError","decl":{"start":{"line":116,"column":7},"end":{"line":118,"column":1}},"loc":{"start":{"line":116,"column":7},"end":{"line":118,"column":1}},"line":116},"14":{"name":"retryExhaustedError","decl":{"start":{"line":120,"column":7},"end":{"line":122,"column":1}},"loc":{"start":{"line":120,"column":7},"end":{"line":122,"column":1}},"line":120},"15":{"name":"internalError","decl":{"start":{"line":124,"column":7},"end":{"line":126,"column":1}},"loc":{"start":{"line":124,"column":7},"end":{"line":126,"column":1}},"line":124},"16":{"name":"assertDefined","decl":{"start":{"line":129,"column":7},"end":{"line":133,"column":1}},"loc":{"start":{"line":129,"column":7},"end":{"line":133,"column":1}},"line":129},"17":{"name":"assertString","decl":{"start":{"line":135,"column":7},"end":{"line":139,"column":1}},"loc":{"start":{"line":135,"column":7},"end":{"line":139,"column":1}},"line":135},"18":{"name":"assertNumber","decl":{"start":{"line":141,"column":7},"end":{"line":145,"column":1}},"loc":{"start":{"line":141,"column":7},"end":{"line":145,"column":1}},"line":141},"19":{"name":"assertBoolean","decl":{"start":{"line":147,"column":7},"end":{"line":151,"column":1}},"loc":{"start":{"line":147,"column":7},"end":{"line":151,"column":1}},"line":147},"20":{"name":"withRetry","decl":{"start":{"line":167,"column":0},"end":{"line":194,"column":1}},"loc":{"start":{"line":167,"column":0},"end":{"line":194,"column":1}},"line":167}},"f":{"0":10,"1":10,"2":1,"3":5,"4":1,"5":1,"6":4,"7":0,"8":0,"9":0,"10":0,"11":0,"12":0,"13":0,"14":0,"15":0,"16":5,"17":0,"18":0,"19":0,"20":3}}
}
